TN:
SF:src/js-foundation/01-template.ts
FNF:0
FNH:0
DA:1,1
DA:2,1
DA:3,1
DA:4,1
DA:5,1
DA:6,1
LF:6
LH:6
BRF:0
BRH:0
end_of_record
TN:
SF:src/js-foundation/02-destructuring.ts
FNF:0
FNH:0
DA:1,1
DA:2,1
DA:3,1
DA:4,1
DA:5,1
LF:5
LH:5
BRF:0
BRH:0
end_of_record
TN:
SF:src/js-foundation/03-callbacks.ts
FN:17,getUserById
FNF:1
FNH:1
FNDA:2,getUserById
DA:1,1
DA:2,1
DA:3,1
DA:4,1
DA:5,1
DA:6,1
DA:7,1
DA:8,1
DA:9,1
DA:10,1
DA:11,1
DA:12,1
DA:13,1
DA:14,1
DA:15,1
DA:16,1
DA:17,1
DA:18,2
DA:19,3
DA:20,2
DA:21,2
DA:22,2
DA:23,1
DA:24,1
DA:25,1
DA:26,1
LF:26
LH:26
BRDA:17,0,0,2
BRDA:22,1,0,1
BRDA:18,2,0,3
BRF:3
BRH:3
end_of_record
TN:
SF:src/js-foundation/05-factory.ts
FN:13,buildMakePerson
FNF:1
FNH:1
FNDA:2,buildMakePerson
DA:1,1
DA:2,1
DA:3,1
DA:4,1
DA:5,1
DA:6,1
DA:7,1
DA:8,1
DA:9,1
DA:10,1
DA:11,1
DA:12,1
DA:13,1
DA:14,2
DA:15,2
DA:16,1
DA:17,1
DA:18,1
DA:19,1
DA:20,1
DA:21,1
DA:22,1
DA:23,1
DA:24,2
DA:25,2
DA:26,1
DA:27,1
DA:28,1
DA:29,1
DA:30,1
DA:31,1
DA:32,1
DA:33,1
LF:33
LH:33
BRDA:13,0,0,2
BRDA:15,1,0,1
BRF:2
BRH:2
end_of_record
TN:
SF:src/js-foundation/06-promises.ts
FN:2,getPokemonNameById
FNF:1
FNH:1
FNDA:2,getPokemonNameById
DA:1,1
DA:2,1
DA:3,2
DA:4,2
DA:5,2
DA:6,2
DA:7,1
DA:8,1
DA:9,1
DA:10,1
DA:11,1
DA:12,1
DA:13,1
DA:14,1
DA:15,1
DA:16,1
DA:17,1
DA:18,1
DA:19,1
DA:20,1
DA:21,1
DA:22,1
DA:23,2
DA:24,2
DA:25,2
LF:25
LH:25
BRDA:2,0,0,2
BRDA:2,1,0,2
BRDA:7,2,0,1
BRF:3
BRH:3
end_of_record
TN:
SF:src/plugins/get-age.plugin.ts
FN:1,getAge
FNF:1
FNH:1
FNDA:3,getAge
DA:1,1
DA:2,1
LF:2
LH:2
BRDA:1,0,0,3
BRF:1
BRH:1
end_of_record
TN:
SF:src/plugins/get-id.plugin.ts
FN:2,getUUID
FNF:1
FNH:1
FNDA:1,getUUID
DA:1,1
DA:2,1
LF:2
LH:2
BRDA:2,0,0,1
BRF:1
BRH:1
end_of_record
TN:
SF:src/plugins/http-client.plugin.ts
FN:3,get
FN:9,post
FN:12,put
FN:15,delete
FNF:4
FNH:1
FNDA:3,get
FNDA:0,post
FNDA:0,put
FNDA:0,delete
DA:1,1
DA:2,1
DA:3,1
DA:4,3
DA:5,2
DA:6,2
DA:7,2
DA:8,3
DA:9,1
DA:10,0
DA:11,0
DA:12,1
DA:13,0
DA:14,0
DA:15,1
DA:16,0
DA:17,0
DA:18,1
DA:19,1
LF:19
LH:13
BRDA:3,0,0,3
BRDA:3,1,0,3
BRDA:5,2,0,2
BRF:3
BRH:3
end_of_record
TN:
SF:src/plugins/index.ts
FN:1,get
FN:2,get
FN:3,get
FN:4,get
FNF:4
FNH:3
FNDA:3,get
FNDA:1,get
FNDA:7,get
FNDA:0,get
DA:1,1
DA:2,1
DA:3,1
DA:4,1
LF:4
LH:4
BRDA:1,0,0,3
BRDA:2,1,0,1
BRDA:3,2,0,7
BRF:3
BRH:3
end_of_record
TN:
SF:src/plugins/logger.plugin.ts
FN:22,buildLogger
FN:24,log
FN:27,error
FNF:3
FNH:2
FNDA:2,buildLogger
FNDA:1,log
FNDA:0,error
DA:1,1
DA:2,1
DA:3,1
DA:4,1
DA:5,1
DA:6,1
DA:7,1
DA:8,1
DA:9,1
DA:10,1
DA:11,1
DA:12,1
DA:13,1
DA:14,1
DA:15,1
DA:16,1
DA:17,1
DA:18,1
DA:19,1
DA:20,1
DA:21,1
DA:22,1
DA:23,2
DA:24,2
DA:25,1
DA:26,2
DA:27,2
DA:28,0
DA:29,0
DA:30,2
DA:31,2
LF:31
LH:29
BRDA:22,0,0,2
BRDA:24,1,0,1
BRF:2
BRH:2
end_of_record
